<?xml version="1.0" encoding="UTF-8"?>
<!-- Generated by org.testng.reporters.JUnitReportReporter -->
<testsuite skipped="0" hostname="LAPTOP-KMGMF20J" name="android.ProductCheckoutTest" tests="1" failures="0" timestamp="2020-05-07T16:50:03 IST" time="139.978" errors="0">
  <testcase name="testCheckoutPage" time="139.978" classname="android.ProductCheckoutTest"/>
  <system-out/>
</testsuite> <!-- android.ProductCheckoutTest -->
