<?xml version="1.0" encoding="UTF-8"?>
<!-- Generated by org.testng.reporters.JUnitReportReporter -->
<testsuite skipped="0" hostname="LAPTOP-KMGMF20J" name="android.LoginTest" tests="1" failures="0" timestamp="2020-05-03T20:39:22 IST" time="30.395" errors="0">
  <testcase name="testLogin" time="30.395" classname="android.LoginTest"/>
  <system-out/>
</testsuite> <!-- android.LoginTest -->
