<?xml version="1.0" encoding="UTF-8"?>
<!-- Generated by org.testng.reporters.JUnitReportReporter -->
<testsuite skipped="0" hostname="LAPTOP-KMGMF20J" name="android.ProductCheckoutTest" tests="1" failures="0" timestamp="2020-05-18T21:58:16 IST" time="94.812" errors="0">
  <testcase name="testCheckoutPage" time="94.812" classname="android.ProductCheckoutTest"/>
  <system-out>
Directory already exists: C:\Users\Lenovo\MobileAssignment\TestReport  </system-out>
</testsuite> <!-- android.ProductCheckoutTest -->
